<?xml version="1.0" encoding="UTF-8"?>
<!-- Generated by org.testng.reporters.JUnitXMLReporter -->
<testsuite ignored="2" hostname="Shrii_Mudagond" failures="0" tests="1" name="Test" time="52.521" errors="0" timestamp="2024-07-18T21:10:27 IST">
  <testcase classname="com.tutorialsninjaproject.tests.Login" name="verifyLoginWithCredentials" time="49.0"/>
  <testcase classname="com.tutorialsninjaproject.tests.BaseClass" name="@AfterTest teardown" time="0.0">
    <ignored/>
  </testcase> <!-- @AfterTest teardown -->
  <testcase classname="com.tutorialsninjaproject.tests.BaseClass" name="@BeforeTest setUp" time="0.0">
    <ignored/>
  </testcase> <!-- @BeforeTest setUp -->
</testsuite> <!-- Test -->
