<?xml version="1.0" encoding="UTF-8"?>
<testng-results ignored="0" total="1" passed="1" failed="0" skipped="0">
  <reporter-output>
  </reporter-output>
  <suite started-at="2024-07-18T21:09:35 IST" name="Suite" finished-at="2024-07-18T21:10:27 IST" duration-ms="52521">
    <groups>
    </groups>
    <test started-at="2024-07-18T21:09:35 IST" name="Test" finished-at="2024-07-18T21:10:27 IST" duration-ms="52521">
      <class name="com.tutorialsninjaproject.tests.Login">
        <test-method is-config="true" signature="setUp(java.lang.String)[pri:0, instance:com.tutorialsninjaproject.tests.Login@ae13544]" started-at="2024-07-18T21:09:35 IST" name="setUp" finished-at="2024-07-18T21:09:37 IST" duration-ms="2179" status="PASS">
          <params>
            <param index="0">
              <value>
                <![CDATA[firefox]]>
              </value>
            </param>
          </params>
          <reporter-output>
          </reporter-output>
        </test-method> <!-- setUp -->
        <test-method signature="verifyLoginWithCredentials()[pri:0, instance:com.tutorialsninjaproject.tests.Login@ae13544]" started-at="2024-07-18T21:09:37 IST" name="verifyLoginWithCredentials" finished-at="2024-07-18T21:10:26 IST" duration-ms="49000" status="PASS">
          <reporter-output>
          </reporter-output>
        </test-method> <!-- verifyLoginWithCredentials -->
        <test-method is-config="true" signature="teardown()[pri:0, instance:com.tutorialsninjaproject.tests.Login@ae13544]" started-at="2024-07-18T21:10:26 IST" name="teardown" finished-at="2024-07-18T21:10:27 IST" duration-ms="1320" status="PASS">
          <reporter-output>
          </reporter-output>
        </test-method> <!-- teardown -->
      </class> <!-- com.tutorialsninjaproject.tests.Login -->
    </test> <!-- Test -->
  </suite> <!-- Suite -->
</testng-results>
